{"/home/mf/Documents/Desktop/uVerse/todo-list/__test-with-jest__/todoList.js": {"path":"/home/mf/Documents/Desktop/uVerse/todo-list/__test-with-jest__/todoList.js","statementMap":{"0":{"start":{"line":4,"column":15},"end":{"line":4,"column":47}},"1":{"start":{"line":8,"column":4},"end":{"line":8,"column":19}},"2":{"start":{"line":9,"column":4},"end":{"line":9,"column":27}},"3":{"start":{"line":10,"column":4},"end":{"line":10,"column":26}},"4":{"start":{"line":11,"column":4},"end":{"line":11,"column":20}},"5":{"start":{"line":15,"column":4},"end":{"line":15,"column":28}},"6":{"start":{"line":16,"column":4},"end":{"line":16,"column":35}},"7":{"start":{"line":17,"column":17},"end":{"line":21,"column":5}},"8":{"start":{"line":22,"column":4},"end":{"line":22,"column":26}},"9":{"start":{"line":23,"column":4},"end":{"line":23,"column":22}},"10":{"start":{"line":27,"column":4},"end":{"line":27,"column":22}},"11":{"start":{"line":31,"column":4},"end":{"line":31,"column":70}},"12":{"start":{"line":31,"column":43},"end":{"line":31,"column":68}},"13":{"start":{"line":32,"column":4},"end":{"line":32,"column":31}},"14":{"start":{"line":34,"column":4},"end":{"line":34,"column":22}},"15":{"start":{"line":38,"column":4},"end":{"line":38,"column":46}},"16":{"start":{"line":39,"column":4},"end":{"line":39,"column":44}},"17":{"start":{"line":43,"column":4},"end":{"line":43,"column":37}},"18":{"start":{"line":44,"column":4},"end":{"line":44,"column":22}},"19":{"start":{"line":48,"column":4},"end":{"line":48,"column":70}},"20":{"start":{"line":48,"column":45},"end":{"line":48,"column":68}},"21":{"start":{"line":49,"column":4},"end":{"line":49,"column":22}},"22":{"start":{"line":53,"column":0},"end":{"line":53,"column":22}}},"fnMap":{"0":{"name":"(anonymous_0)","decl":{"start":{"line":7,"column":2},"end":{"line":7,"column":3}},"loc":{"start":{"line":7,"column":16},"end":{"line":12,"column":3}},"line":7},"1":{"name":"(anonymous_1)","decl":{"start":{"line":14,"column":2},"end":{"line":14,"column":3}},"loc":{"start":{"line":14,"column":16},"end":{"line":24,"column":3}},"line":14},"2":{"name":"(anonymous_2)","decl":{"start":{"line":26,"column":2},"end":{"line":26,"column":3}},"loc":{"start":{"line":26,"column":13},"end":{"line":28,"column":3}},"line":26},"3":{"name":"(anonymous_3)","decl":{"start":{"line":30,"column":2},"end":{"line":30,"column":3}},"loc":{"start":{"line":30,"column":17},"end":{"line":35,"column":3}},"line":30},"4":{"name":"(anonymous_4)","decl":{"start":{"line":31,"column":33},"end":{"line":31,"column":34}},"loc":{"start":{"line":31,"column":43},"end":{"line":31,"column":68}},"line":31},"5":{"name":"(anonymous_5)","decl":{"start":{"line":37,"column":2},"end":{"line":37,"column":3}},"loc":{"start":{"line":37,"column":27},"end":{"line":40,"column":3}},"line":37},"6":{"name":"(anonymous_6)","decl":{"start":{"line":42,"column":2},"end":{"line":42,"column":3}},"loc":{"start":{"line":42,"column":29},"end":{"line":45,"column":3}},"line":42},"7":{"name":"(anonymous_7)","decl":{"start":{"line":47,"column":2},"end":{"line":47,"column":3}},"loc":{"start":{"line":47,"column":19},"end":{"line":50,"column":3}},"line":47},"8":{"name":"(anonymous_8)","decl":{"start":{"line":48,"column":35},"end":{"line":48,"column":36}},"loc":{"start":{"line":48,"column":45},"end":{"line":48,"column":68}},"line":48}},"branchMap":{},"s":{"0":1,"1":1,"2":1,"3":1,"4":1,"5":3,"6":3,"7":3,"8":3,"9":3,"10":5,"11":1,"12":1,"13":1,"14":1,"15":1,"16":1,"17":1,"18":1,"19":1,"20":2,"21":1,"22":1},"f":{"0":1,"1":3,"2":5,"3":1,"4":1,"5":1,"6":1,"7":1,"8":2},"b":{},"_coverageSchema":"1a1c01bbd47fc00a2c39e90264f33305004495a9","hash":"3647bd08518d9d16c79b72476a590c93b6804b7e"}
,"/home/mf/Documents/Desktop/uVerse/todo-list/__test-with-jest__/__mock__/appendToDOList.js": {"path":"/home/mf/Documents/Desktop/uVerse/todo-list/__test-with-jest__/__mock__/appendToDOList.js","statementMap":{"0":{"start":{"line":1,"column":23},"end":{"line":15,"column":1}},"1":{"start":{"line":2,"column":2},"end":{"line":14,"column":10}},"2":{"start":{"line":17,"column":0},"end":{"line":17,"column":32}}},"fnMap":{"0":{"name":"(anonymous_0)","decl":{"start":{"line":1,"column":23},"end":{"line":1,"column":24}},"loc":{"start":{"line":1,"column":33},"end":{"line":15,"column":1}},"line":1}},"branchMap":{"0":{"loc":{"start":{"line":5,"column":64},"end":{"line":5,"column":95}},"type":"cond-expr","locations":[{"start":{"line":5,"column":81},"end":{"line":5,"column":90}},{"start":{"line":5,"column":93},"end":{"line":5,"column":95}}],"line":5},"1":{"loc":{"start":{"line":6,"column":28},"end":{"line":6,"column":66}},"type":"cond-expr","locations":[{"start":{"line":6,"column":45},"end":{"line":6,"column":61}},{"start":{"line":6,"column":64},"end":{"line":6,"column":66}}],"line":6}},"s":{"0":1,"1":5,"2":1},"f":{"0":5},"b":{"0":[1,4],"1":[1,4]},"_coverageSchema":"1a1c01bbd47fc00a2c39e90264f33305004495a9","hash":"40806565d3a1f6f12cf1e7b80d3ccfc495040808"}
,"/home/mf/Documents/Desktop/uVerse/todo-list/__test-with-jest__/__mock__/storage.js": {"path":"/home/mf/Documents/Desktop/uVerse/todo-list/__test-with-jest__/__mock__/storage.js","statementMap":{"0":{"start":{"line":1,"column":17},"end":{"line":1,"column":19}},"1":{"start":{"line":3,"column":0},"end":{"line":3,"column":26}}},"fnMap":{},"branchMap":{},"s":{"0":1,"1":1},"f":{},"b":{},"_coverageSchema":"1a1c01bbd47fc00a2c39e90264f33305004495a9","hash":"c333c41f6bf481061e5638c20b8951df5897b0dc"}
}
