TN:
SF:__test-with-jest__/todoList.js
FN:7,(anonymous_0)
FN:14,(anonymous_1)
FN:26,(anonymous_2)
FN:30,(anonymous_3)
FN:31,(anonymous_4)
FN:37,(anonymous_5)
FN:42,(anonymous_6)
FN:47,(anonymous_7)
FN:48,(anonymous_8)
FNF:9
FNH:9
FNDA:1,(anonymous_0)
FNDA:3,(anonymous_1)
FNDA:5,(anonymous_2)
FNDA:1,(anonymous_3)
FNDA:1,(anonymous_4)
FNDA:1,(anonymous_5)
FNDA:1,(anonymous_6)
FNDA:1,(anonymous_7)
FNDA:2,(anonymous_8)
DA:4,1
DA:8,1
DA:9,1
DA:10,1
DA:11,1
DA:15,3
DA:16,3
DA:17,3
DA:22,3
DA:23,3
DA:27,5
DA:31,1
DA:32,1
DA:34,1
DA:38,1
DA:39,1
DA:43,1
DA:44,1
DA:48,2
DA:49,1
DA:53,1
LF:21
LH:21
BRF:0
BRH:0
end_of_record
TN:
SF:__test-with-jest__/__mock__/appendToDOList.js
FN:1,(anonymous_0)
FNF:1
FNH:1
FNDA:5,(anonymous_0)
DA:1,1
DA:2,5
DA:17,1
LF:3
LH:3
BRDA:5,0,0,1
BRDA:5,0,1,4
BRDA:6,1,0,1
BRDA:6,1,1,4
BRF:4
BRH:4
end_of_record
TN:
SF:__test-with-jest__/__mock__/storage.js
FNF:0
FNH:0
DA:1,1
DA:3,1
LF:2
LH:2
BRF:0
BRH:0
end_of_record
